<?xml version="1.0" encoding="UTF-8"?>
<testng-results ignored="0" total="1" passed="1" failed="0" skipped="0">
  <reporter-output>
  </reporter-output>
  <suite started-at="2025-03-24T21:32:43 IST" name="Default suite" finished-at="2025-03-24T21:32:53 IST" duration-ms="9864">
    <groups>
    </groups>
    <test started-at="2025-03-24T21:32:43 IST" name="Default test" finished-at="2025-03-24T21:32:53 IST" duration-ms="9864">
      <class name="TestCases.loginTest">
        <test-method is-config="true" signature="setup()[pri:0, instance:TestCases.loginTest@18078bef]" started-at="2025-03-24T21:32:43 IST" name="setup" finished-at="2025-03-24T21:32:52 IST" duration-ms="8459" status="PASS">
          <reporter-output>
          </reporter-output>
        </test-method> <!-- setup -->
        <test-method signature="verify_login_with_valid_credential()[pri:0, instance:TestCases.loginTest@18078bef]" started-at="2025-03-24T21:32:52 IST" name="verify_login_with_valid_credential" description="verifying login with valid credential" finished-at="2025-03-24T21:32:53 IST" duration-ms="1204" status="PASS">
          <reporter-output>
          </reporter-output>
        </test-method> <!-- verify_login_with_valid_credential -->
      </class> <!-- TestCases.loginTest -->
    </test> <!-- Default test -->
  </suite> <!-- Default suite -->
</testng-results>
